\BOOKMARK [1][-]{section.1}{\376\377\000I\000n\000t\000r\000o\000d\000u\000c\000t\000i\000o\000n}{}% 1
\BOOKMARK [1][-]{section.2}{\376\377\000A\000i\000r\000T\000a\000g}{}% 2
\BOOKMARK [2][-]{subsection.2.1}{\376\377\000O\000v\000e\000r\000v\000i\000e\000w}{section.2}% 3
\BOOKMARK [2][-]{subsection.2.2}{\376\377\000H\000i\000s\000t\000o\000r\000y}{section.2}% 4
\BOOKMARK [2][-]{subsection.2.3}{\376\377\000P\000r\000o\000t\000o\000c\000o\000l\000s}{section.2}% 5
\BOOKMARK [3][-]{subsubsection.2.3.1}{\376\377\000B\000l\000u\000e\000t\000o\000o\000t\000h}{subsection.2.3}% 6
\BOOKMARK [4][-]{subsubsubsection.2.3.1.1}{\376\377\000O\000v\000e\000r\000v\000i\000e\000w}{subsubsection.2.3.1}% 7
\BOOKMARK [3][-]{subsubsection.2.3.2}{\376\377\000U\000W\000B}{subsection.2.3}% 8
\BOOKMARK [4][-]{subsubsubsection.2.3.2.1}{\376\377\000O\000v\000e\000r\000v\000i\000e\000w}{subsubsection.2.3.2}% 9
\BOOKMARK [4][-]{subsubsubsection.2.3.2.2}{\376\377\000S\000e\000c\000u\000r\000i\000t\000y\000\040\000a\000n\000a\000l\000y\000s\000i\000s}{subsubsection.2.3.2}% 10
\BOOKMARK [4][-]{section*.3}{\376\377\000M\000A\000C\000\040\000a\000d\000d\000r\000e\000s\000s\000\040\000r\000a\000n\000d\000o\000m\000i\000z\000a\000t\000i\000o\000n}{subsubsection.2.3.2}% 11
\BOOKMARK [4][-]{section*.4}{\376\377\000F\000r\000a\000m\000e\000\040\000s\000e\000q\000u\000e\000n\000c\000e\000\040\000n\000u\000m\000b\000e\000r\000\040\000r\000a\000n\000d\000o\000m\000i\000z\000a\000t\000i\000o\000n}{subsubsection.2.3.2}% 12
\BOOKMARK [2][-]{subsection.2.4}{\376\377\000S\000o\000f\000t\000w\000a\000r\000e\000\040\000a\000n\000a\000l\000y\000s\000i\000s}{section.2}% 13
\BOOKMARK [2][-]{subsection.2.5}{\376\377\000H\000a\000r\000d\000w\000a\000r\000e\000\040\000a\000n\000a\000l\000y\000s\000i\000s}{section.2}% 14
\BOOKMARK [2][-]{subsection.2.6}{\376\377\000S\000e\000c\000u\000r\000i\000t\000y\000\040\000A\000n\000a\000l\000y\000s\000i\000s}{section.2}% 15
\BOOKMARK [3][-]{subsubsection.2.6.1}{\376\377\000V\000u\000l\000n\000e\000r\000a\000b\000i\000l\000i\000t\000i\000e\000s}{subsection.2.6}% 16
\BOOKMARK [4][-]{section*.6}{\376\377\000E\000x\000p\000l\000o\000i\000t\000a\000b\000l\000e\000\040\000v\000o\000l\000t\000a\000g\000e\000\040\000l\000e\000v\000e\000l\000s}{subsubsection.2.6.1}% 17
\BOOKMARK [4][-]{section*.7}{\376\377\000I\000n\000s\000e\000c\000u\000r\000e\000\040\000S\000t\000o\000r\000a\000g\000e}{subsubsection.2.6.1}% 18
\BOOKMARK [4][-]{section*.8}{\376\377\000U\000n\000a\000t\000h\000e\000n\000t\000i\000c\000a\000t\000e\000d\000\040\000t\000r\000a\000n\000s\000m\000i\000s\000s\000i\000o\000n}{subsubsection.2.6.1}% 19
\BOOKMARK [3][-]{subsubsection.2.6.2}{\376\377\000A\000n\000t\000i\000-\000s\000t\000a\000l\000k\000i\000n\000g\000\040\000c\000o\000u\000n\000t\000e\000r\000m\000e\000a\000s\000u\000r\000e\000s}{subsection.2.6}% 20
\BOOKMARK [1][-]{section.3}{\376\377\000F\000i\000n\000d\000M\000y\000\040\000n\000e\000t\000w\000o\000r\000k}{}% 21
\BOOKMARK [2][-]{subsection.3.1}{\376\377\000O\000v\000e\000r\000v\000i\000e\000w}{section.3}% 22
\BOOKMARK [2][-]{subsection.3.2}{\376\377\000F\000u\000n\000c\000t\000i\000o\000n\000i\000n\000g}{section.3}% 23
\BOOKMARK [2][-]{subsection.3.3}{\376\377\000S\000e\000c\000u\000r\000i\000t\000y\000\040\000a\000n\000a\000l\000y\000s\000i\000s}{section.3}% 24
\BOOKMARK [3][-]{subsubsection.3.3.1}{\376\377\000P\000r\000e\000l\000i\000m\000i\000n\000a\000r\000s\000\040\000d\000e\000f\000i\000n\000i\000t\000i\000o\000n\000s}{subsection.3.3}% 25
\BOOKMARK [3][-]{subsubsection.3.3.2}{\376\377\000W\000o\000r\000k\000f\000l\000o\000w}{subsection.3.3}% 26
\BOOKMARK [3][-]{subsubsection.3.3.3}{\376\377\000C\000r\000y\000p\000t\000o\000g\000r\000a\000p\000h\000y}{subsection.3.3}% 27
\BOOKMARK [4][-]{section*.13}{\376\377\000A\000d\000v\000e\000r\000t\000i\000s\000e\000m\000e\000n\000t\000\040\000k\000e\000y\000s}{subsubsection.3.3.3}% 28
\BOOKMARK [4][-]{section*.14}{\376\377\000K\000e\000y\000\040\000s\000y\000n\000c\000h\000r\000o\000n\000i\000z\000a\000t\000i\000o\000n}{subsubsection.3.3.3}% 29
\BOOKMARK [4][-]{section*.15}{\376\377\000E\000n\000c\000r\000y\000p\000t\000i\000o\000n}{subsubsection.3.3.3}% 30
\BOOKMARK [4][-]{section*.16}{\376\377\000D\000e\000c\000r\000y\000p\000t\000i\000o\000n}{subsubsection.3.3.3}% 31
\BOOKMARK [1][-]{section.4}{\376\377\000U\000s\000e\000f\000u\000l\000\040\000a\000p\000p\000l\000i\000c\000a\000t\000i\000o\000n\000s}{}% 32
\BOOKMARK [2][-]{subsection.4.1}{\376\377\000M\000o\000d\000s}{section.4}% 33
\BOOKMARK [1][-]{section.5}{\376\377\000C\000o\000n\000c\000l\000u\000s\000i\000o\000n}{}% 34
